0 info it worked if it ends with ok
1 verbose cli [ '/usr/local/bin/node', '/usr/local/bin/npm', 'run', 'e2e' ]
2 info using npm@3.10.10
3 info using node@v6.11.4
4 verbose run-script [ 'pree2e', 'e2e', 'poste2e' ]
5 info lifecycle log4420-a17@1.0.0~pree2e: log4420-a17@1.0.0
6 silly lifecycle log4420-a17@1.0.0~pree2e: no script for pree2e, continuing
7 info lifecycle log4420-a17@1.0.0~e2e: log4420-a17@1.0.0
8 verbose lifecycle log4420-a17@1.0.0~e2e: unsafe-perm in lifecycle true
9 verbose lifecycle log4420-a17@1.0.0~e2e: PATH: /usr/local/lib/node_modules/npm/bin/node-gyp-bin:/Users/francois/Documents/Polytech/Polytechnique/Log4420/LOG4420_TP3/node_modules/.bin:/Users/francois/Projects/mongodb/mongodb-osx-x86_64-3.4.9/bin:/Library/Frameworks/Python.framework/Versions/2.7/bin:/usr/local/bin:/usr/bin:/bin:/usr/sbin:/sbin:/Library/Frameworks/Mono.framework/Versions/Current/Commands
10 verbose lifecycle log4420-a17@1.0.0~e2e: CWD: /Users/francois/Documents/Polytech/Polytechnique/Log4420/LOG4420_TP3
11 silly lifecycle log4420-a17@1.0.0~e2e: Args: [ '-c', 'nightwatch --config ./tests/nightwatch.json' ]
12 silly lifecycle log4420-a17@1.0.0~e2e: Returned: code: 1  signal: null
13 info lifecycle log4420-a17@1.0.0~e2e: Failed to exec e2e script
14 verbose stack Error: log4420-a17@1.0.0 e2e: `nightwatch --config ./tests/nightwatch.json`
14 verbose stack Exit status 1
14 verbose stack     at EventEmitter.<anonymous> (/usr/local/lib/node_modules/npm/lib/utils/lifecycle.js:255:16)
14 verbose stack     at emitTwo (events.js:106:13)
14 verbose stack     at EventEmitter.emit (events.js:191:7)
14 verbose stack     at ChildProcess.<anonymous> (/usr/local/lib/node_modules/npm/lib/utils/spawn.js:40:14)
14 verbose stack     at emitTwo (events.js:106:13)
14 verbose stack     at ChildProcess.emit (events.js:191:7)
14 verbose stack     at maybeClose (internal/child_process.js:920:16)
14 verbose stack     at Process.ChildProcess._handle.onexit (internal/child_process.js:230:5)
15 verbose pkgid log4420-a17@1.0.0
16 verbose cwd /Users/francois/Documents/Polytech/Polytechnique/Log4420/LOG4420_TP3
17 error Darwin 16.7.0
18 error argv "/usr/local/bin/node" "/usr/local/bin/npm" "run" "e2e"
19 error node v6.11.4
20 error npm  v3.10.10
21 error code ELIFECYCLE
22 error log4420-a17@1.0.0 e2e: `nightwatch --config ./tests/nightwatch.json`
22 error Exit status 1
23 error Failed at the log4420-a17@1.0.0 e2e script 'nightwatch --config ./tests/nightwatch.json'.
23 error Make sure you have the latest version of node.js and npm installed.
23 error If you do, this is most likely a problem with the log4420-a17 package,
23 error not with npm itself.
23 error Tell the author that this fails on your system:
23 error     nightwatch --config ./tests/nightwatch.json
23 error You can get information on how to open an issue for this project with:
23 error     npm bugs log4420-a17
23 error Or if that isn't available, you can get their info via:
23 error     npm owner ls log4420-a17
23 error There is likely additional logging output above.
24 verbose exit [ 1, true ]
